[0m[[0m[0minfo[0m] [0m[0mcompiling 105 Scala sources to /home/shaw/VEXRSICV/VexRiscv/out/VexRiscv/compile.dest/classes ...[0m
[0m[[0m[33mwarn[0m] [0m[0m/home/shaw/VEXRSICV/VexRiscv/src/main/scala/vexriscv/VexRiscv.scala:36:17: match may not be exhaustive.[0m
[0m[[0m[33mwarn[0m] [0m[0mIt would fail on the following input: None[0m
[0m[[0m[33mwarn[0m] [0m[0m    plugins.find(_.getClass == clazz) match {[0m
[0m[[0m[33mwarn[0m] [0m[0m                ^[0m
[0m[[0m[0minfo[0m] [0m[0m/home/shaw/VEXRSICV/VexRiscv/src/main/scala/vexriscv/demo/smp/VexRiscvSmpLitexMpCluster.scala:1:1: [0m
[0m[[0m[0minfo[0m] [0m[0mFound names but no class, trait or object is defined in the compilation unit.[0m
[0m[[0m[0minfo[0m] [0m[0mThe incremental compiler cannot record the dependency information in such case.[0m
[0m[[0m[0minfo[0m] [0m[0mSome errors like unused import referring to a non-existent class might not be reported.[0m
[0m[[0m[0minfo[0m] [0m[0m    [0m
[0m[[0m[0minfo[0m] [0m[0mpackage vexriscv.demo.smp[0m
[0m[[0m[0minfo[0m] [0m[0m^[0m
[0m[[0m[0minfo[0m] [0m[0m/home/shaw/VEXRSICV/VexRiscv/src/main/scala/vexriscv/demo/smp/VexRiscvSmpLitexMpCluster.scala:1:1: [0m
[0m[[0m[0minfo[0m] [0m[0mFound top level imports but no class, trait or object is defined in the compilation unit.[0m
[0m[[0m[0minfo[0m] [0m[0mThe incremental compiler cannot record the dependency information in such case.[0m
[0m[[0m[0minfo[0m] [0m[0mSome errors like unused import referring to a non-existent class might not be reported.[0m
[0m[[0m[0minfo[0m] [0m[0m    [0m
[0m[[0m[0minfo[0m] [0m[0mpackage vexriscv.demo.smp[0m
[0m[[0m[0minfo[0m] [0m[0m^[0m
[0m[[0m[33mwarn[0m] [0m[0mthere were 196 deprecation warnings; re-run with -deprecation for details[0m
[0m[[0m[33mwarn[0m] [0m[0mthere were two feature warnings; re-run with -feature for details[0m
[0m[[0m[33mwarn[0m] [0m[0mthree warnings found[0m
[0m[[0m[0minfo[0m] [0m[0mdone compiling[0m
