GowinSynthesis start
Running parser ...
Analyzing Verilog file 'D:\File_Work\FPGA\GOWIN\top_buzzer_SoC\Documents\buzzer_SoC\Documents\final_buzzer\src\VexRiscv.v'
Analyzing Verilog file 'D:\File_Work\FPGA\GOWIN\top_buzzer_SoC\Documents\buzzer_SoC\Documents\final_buzzer\src\pwm_generator.v'
Analyzing Verilog file 'D:\File_Work\FPGA\GOWIN\top_buzzer_SoC\Documents\buzzer_SoC\Documents\final_buzzer\src\top.v'
Analyzing Verilog file 'D:\File_Work\FPGA\GOWIN\top_buzzer_SoC\Documents\buzzer_SoC\Documents\final_buzzer\src\music_player_2.v'
Analyzing Verilog file 'D:\File_Work\FPGA\GOWIN\top_buzzer_SoC\Documents\buzzer_SoC\Documents\final_buzzer\src\sipeed_tang_mega_138k_pro.v'
Compiling module 'top'("D:\File_Work\FPGA\GOWIN\top_buzzer_SoC\Documents\buzzer_SoC\Documents\final_buzzer\src\top.v":1)
Compiling module 'music_player'("D:\File_Work\FPGA\GOWIN\top_buzzer_SoC\Documents\buzzer_SoC\Documents\final_buzzer\src\music_player_2.v":2)
Compiling module 'pwm_generator'("D:\File_Work\FPGA\GOWIN\top_buzzer_SoC\Documents\buzzer_SoC\Documents\final_buzzer\src\pwm_generator.v":2)
WARN  (EX3791) : Expression size 9 truncated to fit in target size 8("D:\File_Work\FPGA\GOWIN\top_buzzer_SoC\Documents\buzzer_SoC\Documents\final_buzzer\src\music_player_2.v":262)
WARN  (EX1998) : Net 'notes_freq[201][31]' does not have a driver("D:\File_Work\FPGA\GOWIN\top_buzzer_SoC\Documents\buzzer_SoC\Documents\final_buzzer\src\music_player_2.v":11)
WARN  (EX1998) : Net 'notes_dur[201][31]' does not have a driver("D:\File_Work\FPGA\GOWIN\top_buzzer_SoC\Documents\buzzer_SoC\Documents\final_buzzer\src\music_player_2.v":12)
WARN  (EX3670) : Actual bit length 32 differs from formal bit length 1 for port 'key'("D:\File_Work\FPGA\GOWIN\top_buzzer_SoC\Documents\buzzer_SoC\Documents\final_buzzer\src\top.v":58)
Compiling module 'sipeed_tang_mega_138k_pro'("D:\File_Work\FPGA\GOWIN\top_buzzer_SoC\Documents\buzzer_SoC\Documents\final_buzzer\src\sipeed_tang_mega_138k_pro.v":21)
WARN  (EX3780) : Using initial value of 'builder_basesoc_locked0' since it is never assigned("D:\File_Work\FPGA\GOWIN\top_buzzer_SoC\Documents\buzzer_SoC\Documents\final_buzzer\src\sipeed_tang_mega_138k_pro.v":582)
WARN  (EX3780) : Using initial value of 'builder_basesoc_locked1' since it is never assigned("D:\File_Work\FPGA\GOWIN\top_buzzer_SoC\Documents\buzzer_SoC\Documents\final_buzzer\src\sipeed_tang_mega_138k_pro.v":583)
WARN  (EX3780) : Using initial value of 'builder_basesoc_locked2' since it is never assigned("D:\File_Work\FPGA\GOWIN\top_buzzer_SoC\Documents\buzzer_SoC\Documents\final_buzzer\src\sipeed_tang_mega_138k_pro.v":584)
WARN  (EX3780) : Using initial value of 'builder_basesoc_locked3' since it is never assigned("D:\File_Work\FPGA\GOWIN\top_buzzer_SoC\Documents\buzzer_SoC\Documents\final_buzzer\src\sipeed_tang_mega_138k_pro.v":585)
WARN  (EX3780) : Using initial value of 'builder_basesoc_locked4' since it is never assigned("D:\File_Work\FPGA\GOWIN\top_buzzer_SoC\Documents\buzzer_SoC\Documents\final_buzzer\src\sipeed_tang_mega_138k_pro.v":586)
WARN  (EX3780) : Using initial value of 'builder_basesoc_locked5' since it is never assigned("D:\File_Work\FPGA\GOWIN\top_buzzer_SoC\Documents\buzzer_SoC\Documents\final_buzzer\src\sipeed_tang_mega_138k_pro.v":587)
WARN  (EX3780) : Using initial value of 'builder_basesoc_locked6' since it is never assigned("D:\File_Work\FPGA\GOWIN\top_buzzer_SoC\Documents\buzzer_SoC\Documents\final_buzzer\src\sipeed_tang_mega_138k_pro.v":588)
WARN  (EX3780) : Using initial value of 'builder_basesoc_locked7' since it is never assigned("D:\File_Work\FPGA\GOWIN\top_buzzer_SoC\Documents\buzzer_SoC\Documents\final_buzzer\src\sipeed_tang_mega_138k_pro.v":589)
WARN  (EX3780) : Using initial value of 'builder_basesoc_socbushandler_b_first' since it is never assigned("D:\File_Work\FPGA\GOWIN\top_buzzer_SoC\Documents\buzzer_SoC\Documents\final_buzzer\src\sipeed_tang_mega_138k_pro.v":681)
WARN  (EX3780) : Using initial value of 'builder_basesoc_socbushandler_b_last' since it is never assigned("D:\File_Work\FPGA\GOWIN\top_buzzer_SoC\Documents\buzzer_SoC\Documents\final_buzzer\src\sipeed_tang_mega_138k_pro.v":682)
WARN  (EX3780) : Using initial value of 'builder_basesoc_socbushandler_b_param_dest' since it is never assigned("D:\File_Work\FPGA\GOWIN\top_buzzer_SoC\Documents\buzzer_SoC\Documents\final_buzzer\src\sipeed_tang_mega_138k_pro.v":683)
WARN  (EX3780) : Using initial value of 'builder_basesoc_socbushandler_b_param_user' since it is never assigned("D:\File_Work\FPGA\GOWIN\top_buzzer_SoC\Documents\buzzer_SoC\Documents\final_buzzer\src\sipeed_tang_mega_138k_pro.v":685)
WARN  (EX3780) : Using initial value of 'builder_basesoc_socbushandler_r_first' since it is never assigned("D:\File_Work\FPGA\GOWIN\top_buzzer_SoC\Documents\buzzer_SoC\Documents\final_buzzer\src\sipeed_tang_mega_138k_pro.v":731)
WARN  (EX3780) : Using initial value of 'builder_basesoc_socbushandler_r_param_dest' since it is never assigned("D:\File_Work\FPGA\GOWIN\top_buzzer_SoC\Documents\buzzer_SoC\Documents\final_buzzer\src\sipeed_tang_mega_138k_pro.v":733)
WARN  (EX3780) : Using initial value of 'builder_basesoc_socbushandler_r_param_user' since it is never assigned("D:\File_Work\FPGA\GOWIN\top_buzzer_SoC\Documents\buzzer_SoC\Documents\final_buzzer\src\sipeed_tang_mega_138k_pro.v":735)
WARN  (EX3780) : Using initial value of 'main_adapted_interface_adapted_interface_bte' since it is never assigned("D:\File_Work\FPGA\GOWIN\top_buzzer_SoC\Documents\buzzer_SoC\Documents\final_buzzer\src\sipeed_tang_mega_138k_pro.v":1373)
WARN  (EX3780) : Using initial value of 'main_adapted_interface_adapted_interface_cti' since it is never assigned("D:\File_Work\FPGA\GOWIN\top_buzzer_SoC\Documents\buzzer_SoC\Documents\final_buzzer\src\sipeed_tang_mega_138k_pro.v":1374)
WARN  (EX3780) : Using initial value of 'main_adapted_interface_b_first' since it is never assigned("D:\File_Work\FPGA\GOWIN\top_buzzer_SoC\Documents\buzzer_SoC\Documents\final_buzzer\src\sipeed_tang_mega_138k_pro.v":1414)
WARN  (EX3780) : Using initial value of 'main_adapted_interface_b_last' since it is never assigned("D:\File_Work\FPGA\GOWIN\top_buzzer_SoC\Documents\buzzer_SoC\Documents\final_buzzer\src\sipeed_tang_mega_138k_pro.v":1415)
WARN  (EX3780) : Using initial value of 'main_adapted_interface_b_param_dest' since it is never assigned("D:\File_Work\FPGA\GOWIN\top_buzzer_SoC\Documents\buzzer_SoC\Documents\final_buzzer\src\sipeed_tang_mega_138k_pro.v":1416)
WARN  (EX3780) : Using initial value of 'main_adapted_interface_b_param_user' since it is never assigned("D:\File_Work\FPGA\GOWIN\top_buzzer_SoC\Documents\buzzer_SoC\Documents\final_buzzer\src\sipeed_tang_mega_138k_pro.v":1418)
WARN  (EX3780) : Using initial value of 'main_adapted_interface_r_first' since it is never assigned("D:\File_Work\FPGA\GOWIN\top_buzzer_SoC\Documents\buzzer_SoC\Documents\final_buzzer\src\sipeed_tang_mega_138k_pro.v":1422)
WARN  (EX3780) : Using initial value of 'main_adapted_interface_r_param_dest' since it is never assigned("D:\File_Work\FPGA\GOWIN\top_buzzer_SoC\Documents\buzzer_SoC\Documents\final_buzzer\src\sipeed_tang_mega_138k_pro.v":1424)
WARN  (EX3780) : Using initial value of 'main_adapted_interface_r_param_user' since it is never assigned("D:\File_Work\FPGA\GOWIN\top_buzzer_SoC\Documents\buzzer_SoC\Documents\final_buzzer\src\sipeed_tang_mega_138k_pro.v":1426)
WARN  (EX3780) : Using initial value of 'main_basesoc_basesoc_socbushandler_b_first' since it is never assigned("D:\File_Work\FPGA\GOWIN\top_buzzer_SoC\Documents\buzzer_SoC\Documents\final_buzzer\src\sipeed_tang_mega_138k_pro.v":1525)
WARN  (EX3780) : Using initial value of 'main_basesoc_basesoc_socbushandler_b_last' since it is never assigned("D:\File_Work\FPGA\GOWIN\top_buzzer_SoC\Documents\buzzer_SoC\Documents\final_buzzer\src\sipeed_tang_mega_138k_pro.v":1526)
WARN  (EX3780) : Using initial value of 'main_basesoc_basesoc_socbushandler_b_param_dest' since it is never assigned("D:\File_Work\FPGA\GOWIN\top_buzzer_SoC\Documents\buzzer_SoC\Documents\final_buzzer\src\sipeed_tang_mega_138k_pro.v":1527)
WARN  (EX3780) : Using initial value of 'main_basesoc_basesoc_socbushandler_b_param_user' since it is never assigned("D:\File_Work\FPGA\GOWIN\top_buzzer_SoC\Documents\buzzer_SoC\Documents\final_buzzer\src\sipeed_tang_mega_138k_pro.v":1529)
WARN  (EX3780) : Using initial value of 'main_basesoc_basesoc_socbushandler_r_first' since it is never assigned("D:\File_Work\FPGA\GOWIN\top_buzzer_SoC\Documents\buzzer_SoC\Documents\final_buzzer\src\sipeed_tang_mega_138k_pro.v":1575)
WARN  (EX3780) : Using initial value of 'main_basesoc_basesoc_socbushandler_r_param_dest' since it is never assigned("D:\File_Work\FPGA\GOWIN\top_buzzer_SoC\Documents\buzzer_SoC\Documents\final_buzzer\src\sipeed_tang_mega_138k_pro.v":1577)
WARN  (EX3780) : Using initial value of 'main_basesoc_basesoc_socbushandler_r_param_user' since it is never assigned("D:\File_Work\FPGA\GOWIN\top_buzzer_SoC\Documents\buzzer_SoC\Documents\final_buzzer\src\sipeed_tang_mega_138k_pro.v":1579)
WARN  (EX3780) : Using initial value of 'main_basesoc_rx_source_first' since it is never assigned("D:\File_Work\FPGA\GOWIN\top_buzzer_SoC\Documents\buzzer_SoC\Documents\final_buzzer\src\sipeed_tang_mega_138k_pro.v":1699)
WARN  (EX3780) : Using initial value of 'main_basesoc_rx_source_last' since it is never assigned("D:\File_Work\FPGA\GOWIN\top_buzzer_SoC\Documents\buzzer_SoC\Documents\final_buzzer\src\sipeed_tang_mega_138k_pro.v":1700)
WARN  (EX3780) : Using initial value of 'main_basesoc_socbushandler_axiinterface0_ar_first' since it is never assigned("D:\File_Work\FPGA\GOWIN\top_buzzer_SoC\Documents\buzzer_SoC\Documents\final_buzzer\src\sipeed_tang_mega_138k_pro.v":1764)
WARN  (EX3780) : Using initial value of 'main_basesoc_socbushandler_axiinterface0_ar_last' since it is never assigned("D:\File_Work\FPGA\GOWIN\top_buzzer_SoC\Documents\buzzer_SoC\Documents\final_buzzer\src\sipeed_tang_mega_138k_pro.v":1765)
WARN  (EX3780) : Using initial value of 'main_basesoc_socbushandler_axiinterface0_ar_param_dest' since it is never assigned("D:\File_Work\FPGA\GOWIN\top_buzzer_SoC\Documents\buzzer_SoC\Documents\final_buzzer\src\sipeed_tang_mega_138k_pro.v":1766)
WARN  (EX3780) : Using initial value of 'main_basesoc_socbushandler_axiinterface0_ar_param_user' since it is never assigned("D:\File_Work\FPGA\GOWIN\top_buzzer_SoC\Documents\buzzer_SoC\Documents\final_buzzer\src\sipeed_tang_mega_138k_pro.v":1768)
WARN  (EX3780) : Using initial value of 'main_basesoc_socbushandler_axiinterface0_ar_payload_region' since it is never assigned("D:\File_Work\FPGA\GOWIN\top_buzzer_SoC\Documents\buzzer_SoC\Documents\final_buzzer\src\sipeed_tang_mega_138k_pro.v":1776)
WARN  (EX3780) : Using initial value of 'main_basesoc_socbushandler_axiinterface0_aw_first' since it is never assigned("D:\File_Work\FPGA\GOWIN\top_buzzer_SoC\Documents\buzzer_SoC\Documents\final_buzzer\src\sipeed_tang_mega_138k_pro.v":1780)
WARN  (EX3780) : Using initial value of 'main_basesoc_socbushandler_axiinterface0_aw_last' since it is never assigned("D:\File_Work\FPGA\GOWIN\top_buzzer_SoC\Documents\buzzer_SoC\Documents\final_buzzer\src\sipeed_tang_mega_138k_pro.v":1781)
WARN  (EX3780) : Using initial value of 'main_basesoc_socbushandler_axiinterface0_aw_param_dest' since it is never assigned("D:\File_Work\FPGA\GOWIN\top_buzzer_SoC\Documents\buzzer_SoC\Documents\final_buzzer\src\sipeed_tang_mega_138k_pro.v":1782)
WARN  (EX3780) : Using initial value of 'main_basesoc_socbushandler_axiinterface0_aw_param_user' since it is never assigned("D:\File_Work\FPGA\GOWIN\top_buzzer_SoC\Documents\buzzer_SoC\Documents\final_buzzer\src\sipeed_tang_mega_138k_pro.v":1784)
WARN  (EX3780) : Using initial value of 'main_basesoc_socbushandler_axiinterface0_aw_payload_region' since it is never assigned("D:\File_Work\FPGA\GOWIN\top_buzzer_SoC\Documents\buzzer_SoC\Documents\final_buzzer\src\sipeed_tang_mega_138k_pro.v":1792)
WARN  (EX3780) : Using initial value of 'main_basesoc_socbushandler_axiinterface0_w_first' since it is never assigned("D:\File_Work\FPGA\GOWIN\top_buzzer_SoC\Documents\buzzer_SoC\Documents\final_buzzer\src\sipeed_tang_mega_138k_pro.v":1813)
WARN  (EX3780) : Using initial value of 'main_basesoc_socbushandler_axiinterface0_w_param_dest' since it is never assigned("D:\File_Work\FPGA\GOWIN\top_buzzer_SoC\Documents\buzzer_SoC\Documents\final_buzzer\src\sipeed_tang_mega_138k_pro.v":1815)
WARN  (EX3780) : Using initial value of 'main_basesoc_socbushandler_axiinterface0_w_param_id' since it is never assigned("D:\File_Work\FPGA\GOWIN\top_buzzer_SoC\Documents\buzzer_SoC\Documents\final_buzzer\src\sipeed_tang_mega_138k_pro.v":1816)
WARN  (EX3780) : Using initial value of 'main_basesoc_socbushandler_axiinterface0_w_param_user' since it is never assigned("D:\File_Work\FPGA\GOWIN\top_buzzer_SoC\Documents\buzzer_SoC\Documents\final_buzzer\src\sipeed_tang_mega_138k_pro.v":1817)
WARN  (EX3780) : Using initial value of 'main_basesoc_socbushandler_axiinterface1_ar_first' since it is never assigned("D:\File_Work\FPGA\GOWIN\top_buzzer_SoC\Documents\buzzer_SoC\Documents\final_buzzer\src\sipeed_tang_mega_138k_pro.v":1822)
WARN  (EX3780) : Using initial value of 'main_basesoc_socbushandler_axiinterface1_ar_last' since it is never assigned("D:\File_Work\FPGA\GOWIN\top_buzzer_SoC\Documents\buzzer_SoC\Documents\final_buzzer\src\sipeed_tang_mega_138k_pro.v":1823)
WARN  (EX3780) : Using initial value of 'main_basesoc_socbushandler_axiinterface1_ar_param_dest' since it is never assigned("D:\File_Work\FPGA\GOWIN\top_buzzer_SoC\Documents\buzzer_SoC\Documents\final_buzzer\src\sipeed_tang_mega_138k_pro.v":1824)
WARN  (EX3780) : Using initial value of 'main_basesoc_socbushandler_axiinterface1_ar_param_user' since it is never assigned("D:\File_Work\FPGA\GOWIN\top_buzzer_SoC\Documents\buzzer_SoC\Documents\final_buzzer\src\sipeed_tang_mega_138k_pro.v":1826)
WARN  (EX3780) : Using initial value of 'main_basesoc_socbushandler_axiinterface1_ar_payload_region' since it is never assigned("D:\File_Work\FPGA\GOWIN\top_buzzer_SoC\Documents\buzzer_SoC\Documents\final_buzzer\src\sipeed_tang_mega_138k_pro.v":1834)
WARN  (EX3780) : Using initial value of 'main_basesoc_socbushandler_axiinterface1_aw_first' since it is never assigned("D:\File_Work\FPGA\GOWIN\top_buzzer_SoC\Documents\buzzer_SoC\Documents\final_buzzer\src\sipeed_tang_mega_138k_pro.v":1838)
WARN  (EX3780) : Using initial value of 'main_basesoc_socbushandler_axiinterface1_aw_last' since it is never assigned("D:\File_Work\FPGA\GOWIN\top_buzzer_SoC\Documents\buzzer_SoC\Documents\final_buzzer\src\sipeed_tang_mega_138k_pro.v":1839)
WARN  (EX3780) : Using initial value of 'main_basesoc_socbushandler_axiinterface1_aw_param_dest' since it is never assigned("D:\File_Work\FPGA\GOWIN\top_buzzer_SoC\Documents\buzzer_SoC\Documents\final_buzzer\src\sipeed_tang_mega_138k_pro.v":1840)
WARN  (EX3780) : Using initial value of 'main_basesoc_socbushandler_axiinterface1_aw_param_user' since it is never assigned("D:\File_Work\FPGA\GOWIN\top_buzzer_SoC\Documents\buzzer_SoC\Documents\final_buzzer\src\sipeed_tang_mega_138k_pro.v":1842)
WARN  (EX3780) : Using initial value of 'main_basesoc_socbushandler_axiinterface1_aw_payload_region' since it is never assigned("D:\File_Work\FPGA\GOWIN\top_buzzer_SoC\Documents\buzzer_SoC\Documents\final_buzzer\src\sipeed_tang_mega_138k_pro.v":1850)
WARN  (EX3780) : Using initial value of 'main_basesoc_socbushandler_axiinterface1_w_first' since it is never assigned("D:\File_Work\FPGA\GOWIN\top_buzzer_SoC\Documents\buzzer_SoC\Documents\final_buzzer\src\sipeed_tang_mega_138k_pro.v":1871)
WARN  (EX3780) : Using initial value of 'main_basesoc_socbushandler_axiinterface1_w_param_dest' since it is never assigned("D:\File_Work\FPGA\GOWIN\top_buzzer_SoC\Documents\buzzer_SoC\Documents\final_buzzer\src\sipeed_tang_mega_138k_pro.v":1873)
WARN  (EX3780) : Using initial value of 'main_basesoc_socbushandler_axiinterface1_w_param_id' since it is never assigned("D:\File_Work\FPGA\GOWIN\top_buzzer_SoC\Documents\buzzer_SoC\Documents\final_buzzer\src\sipeed_tang_mega_138k_pro.v":1874)
WARN  (EX3780) : Using initial value of 'main_basesoc_socbushandler_axiinterface1_w_param_user' since it is never assigned("D:\File_Work\FPGA\GOWIN\top_buzzer_SoC\Documents\buzzer_SoC\Documents\final_buzzer\src\sipeed_tang_mega_138k_pro.v":1875)
WARN  (EX3780) : Using initial value of 'main_basesoc_socbushandler_b_first' since it is never assigned("D:\File_Work\FPGA\GOWIN\top_buzzer_SoC\Documents\buzzer_SoC\Documents\final_buzzer\src\sipeed_tang_mega_138k_pro.v":1880)
WARN  (EX3780) : Using initial value of 'main_basesoc_socbushandler_b_last' since it is never assigned("D:\File_Work\FPGA\GOWIN\top_buzzer_SoC\Documents\buzzer_SoC\Documents\final_buzzer\src\sipeed_tang_mega_138k_pro.v":1881)
WARN  (EX3780) : Using initial value of 'main_basesoc_socbushandler_b_param_dest' since it is never assigned("D:\File_Work\FPGA\GOWIN\top_buzzer_SoC\Documents\buzzer_SoC\Documents\final_buzzer\src\sipeed_tang_mega_138k_pro.v":1882)
WARN  (EX3780) : Using initial value of 'main_basesoc_socbushandler_b_param_user' since it is never assigned("D:\File_Work\FPGA\GOWIN\top_buzzer_SoC\Documents\buzzer_SoC\Documents\final_buzzer\src\sipeed_tang_mega_138k_pro.v":1884)
WARN  (EX3780) : Using initial value of 'main_basesoc_socbushandler_r_first' since it is never assigned("D:\File_Work\FPGA\GOWIN\top_buzzer_SoC\Documents\buzzer_SoC\Documents\final_buzzer\src\sipeed_tang_mega_138k_pro.v":1952)
WARN  (EX3780) : Using initial value of 'main_basesoc_socbushandler_r_param_dest' since it is never assigned("D:\File_Work\FPGA\GOWIN\top_buzzer_SoC\Documents\buzzer_SoC\Documents\final_buzzer\src\sipeed_tang_mega_138k_pro.v":1954)
WARN  (EX3780) : Using initial value of 'main_basesoc_socbushandler_r_param_user' since it is never assigned("D:\File_Work\FPGA\GOWIN\top_buzzer_SoC\Documents\buzzer_SoC\Documents\final_buzzer\src\sipeed_tang_mega_138k_pro.v":1956)
WARN  (EX3780) : Using initial value of 'main_basesoc_uart_rx_fifo_replace' since it is never assigned("D:\File_Work\FPGA\GOWIN\top_buzzer_SoC\Documents\buzzer_SoC\Documents\final_buzzer\src\sipeed_tang_mega_138k_pro.v":2121)
WARN  (EX3780) : Using initial value of 'main_basesoc_uart_tx_fifo_replace' since it is never assigned("D:\File_Work\FPGA\GOWIN\top_buzzer_SoC\Documents\buzzer_SoC\Documents\final_buzzer\src\sipeed_tang_mega_138k_pro.v":2179)
WARN  (EX3780) : Using initial value of 'main_basesoc_uart_tx_fifo_sink_first' since it is never assigned("D:\File_Work\FPGA\GOWIN\top_buzzer_SoC\Documents\buzzer_SoC\Documents\final_buzzer\src\sipeed_tang_mega_138k_pro.v":2180)
WARN  (EX3780) : Using initial value of 'main_basesoc_uart_tx_fifo_sink_last' since it is never assigned("D:\File_Work\FPGA\GOWIN\top_buzzer_SoC\Documents\buzzer_SoC\Documents\final_buzzer\src\sipeed_tang_mega_138k_pro.v":2181)
WARN  (EX3780) : Using initial value of 'main_basesoc_vexriscv' since it is never assigned("D:\File_Work\FPGA\GOWIN\top_buzzer_SoC\Documents\buzzer_SoC\Documents\final_buzzer\src\sipeed_tang_mega_138k_pro.v":2220)
WARN  (EX3780) : Using initial value of 'main_litedramcrossbar_rdata_first' since it is never assigned("D:\File_Work\FPGA\GOWIN\top_buzzer_SoC\Documents\buzzer_SoC\Documents\final_buzzer\src\sipeed_tang_mega_138k_pro.v":2434)
WARN  (EX3780) : Using initial value of 'main_litedramcrossbar_rdata_last' since it is never assigned("D:\File_Work\FPGA\GOWIN\top_buzzer_SoC\Documents\buzzer_SoC\Documents\final_buzzer\src\sipeed_tang_mega_138k_pro.v":2435)
WARN  (EX3780) : Using initial value of 'main_litedramcrossbar_wdata_payload_data' since it is never assigned("D:\File_Work\FPGA\GOWIN\top_buzzer_SoC\Documents\buzzer_SoC\Documents\final_buzzer\src\sipeed_tang_mega_138k_pro.v":2439)
WARN  (EX3780) : Using initial value of 'main_litedramcrossbar_wdata_payload_we' since it is never assigned("D:\File_Work\FPGA\GOWIN\top_buzzer_SoC\Documents\buzzer_SoC\Documents\final_buzzer\src\sipeed_tang_mega_138k_pro.v":2440)
WARN  (EX3780) : Using initial value of 'main_port_rdata_first' since it is never assigned("D:\File_Work\FPGA\GOWIN\top_buzzer_SoC\Documents\buzzer_SoC\Documents\final_buzzer\src\sipeed_tang_mega_138k_pro.v":2453)
WARN  (EX3780) : Using initial value of 'main_port_rdata_last' since it is never assigned("D:\File_Work\FPGA\GOWIN\top_buzzer_SoC\Documents\buzzer_SoC\Documents\final_buzzer\src\sipeed_tang_mega_138k_pro.v":2454)
WARN  (EX3780) : Using initial value of 'main_sdram_bankmachine0_replace' since it is never assigned("D:\File_Work\FPGA\GOWIN\top_buzzer_SoC\Documents\buzzer_SoC\Documents\final_buzzer\src\sipeed_tang_mega_138k_pro.v":2509)
WARN  (EX3780) : Using initial value of 'main_sdram_bankmachine0_sink_first' since it is never assigned("D:\File_Work\FPGA\GOWIN\top_buzzer_SoC\Documents\buzzer_SoC\Documents\final_buzzer\src\sipeed_tang_mega_138k_pro.v":2523)
WARN  (EX3780) : Using initial value of 'main_sdram_bankmachine0_sink_last' since it is never assigned("D:\File_Work\FPGA\GOWIN\top_buzzer_SoC\Documents\buzzer_SoC\Documents\final_buzzer\src\sipeed_tang_mega_138k_pro.v":2524)
WARN  (EX3780) : Using initial value of 'main_sdram_bankmachine1_replace' since it is never assigned("D:\File_Work\FPGA\GOWIN\top_buzzer_SoC\Documents\buzzer_SoC\Documents\final_buzzer\src\sipeed_tang_mega_138k_pro.v":2605)
WARN  (EX3780) : Using initial value of 'main_sdram_bankmachine1_sink_first' since it is never assigned("D:\File_Work\FPGA\GOWIN\top_buzzer_SoC\Documents\buzzer_SoC\Documents\final_buzzer\src\sipeed_tang_mega_138k_pro.v":2619)
WARN  (EX3780) : Using initial value of 'main_sdram_bankmachine1_sink_last' since it is never assigned("D:\File_Work\FPGA\GOWIN\top_buzzer_SoC\Documents\buzzer_SoC\Documents\final_buzzer\src\sipeed_tang_mega_138k_pro.v":2620)
WARN  (EX3780) : Using initial value of 'main_sdram_bankmachine2_replace' since it is never assigned("D:\File_Work\FPGA\GOWIN\top_buzzer_SoC\Documents\buzzer_SoC\Documents\final_buzzer\src\sipeed_tang_mega_138k_pro.v":2701)
WARN  (EX3780) : Using initial value of 'main_sdram_bankmachine2_sink_first' since it is never assigned("D:\File_Work\FPGA\GOWIN\top_buzzer_SoC\Documents\buzzer_SoC\Documents\final_buzzer\src\sipeed_tang_mega_138k_pro.v":2715)
WARN  (EX3780) : Using initial value of 'main_sdram_bankmachine2_sink_last' since it is never assigned("D:\File_Work\FPGA\GOWIN\top_buzzer_SoC\Documents\buzzer_SoC\Documents\final_buzzer\src\sipeed_tang_mega_138k_pro.v":2716)
WARN  (EX3780) : Using initial value of 'main_sdram_bankmachine3_replace' since it is never assigned("D:\File_Work\FPGA\GOWIN\top_buzzer_SoC\Documents\buzzer_SoC\Documents\final_buzzer\src\sipeed_tang_mega_138k_pro.v":2797)
WARN  (EX3780) : Using initial value of 'main_sdram_bankmachine3_sink_first' since it is never assigned("D:\File_Work\FPGA\GOWIN\top_buzzer_SoC\Documents\buzzer_SoC\Documents\final_buzzer\src\sipeed_tang_mega_138k_pro.v":2811)
WARN  (EX3780) : Using initial value of 'main_sdram_bankmachine3_sink_last' since it is never assigned("D:\File_Work\FPGA\GOWIN\top_buzzer_SoC\Documents\buzzer_SoC\Documents\final_buzzer\src\sipeed_tang_mega_138k_pro.v":2812)
WARN  (EX3780) : Using initial value of 'main_sdram_choose_cmd_want_cmds' since it is never assigned("D:\File_Work\FPGA\GOWIN\top_buzzer_SoC\Documents\buzzer_SoC\Documents\final_buzzer\src\sipeed_tang_mega_138k_pro.v":2870)
WARN  (EX3780) : Using initial value of 'main_sdram_choose_cmd_want_reads' since it is never assigned("D:\File_Work\FPGA\GOWIN\top_buzzer_SoC\Documents\buzzer_SoC\Documents\final_buzzer\src\sipeed_tang_mega_138k_pro.v":2871)
WARN  (EX3780) : Using initial value of 'main_sdram_choose_cmd_want_writes' since it is never assigned("D:\File_Work\FPGA\GOWIN\top_buzzer_SoC\Documents\buzzer_SoC\Documents\final_buzzer\src\sipeed_tang_mega_138k_pro.v":2872)
WARN  (EX3780) : Using initial value of 'main_sdram_choose_req_want_activates' since it is never assigned("D:\File_Work\FPGA\GOWIN\top_buzzer_SoC\Documents\buzzer_SoC\Documents\final_buzzer\src\sipeed_tang_mega_138k_pro.v":2887)
WARN  (EX3780) : Using initial value of 'main_sdram_choose_req_want_cmds' since it is never assigned("D:\File_Work\FPGA\GOWIN\top_buzzer_SoC\Documents\buzzer_SoC\Documents\final_buzzer\src\sipeed_tang_mega_138k_pro.v":2888)
WARN  (EX3780) : Using initial value of 'main_sdram_cmd_payload_is_read' since it is never assigned("D:\File_Work\FPGA\GOWIN\top_buzzer_SoC\Documents\buzzer_SoC\Documents\final_buzzer\src\sipeed_tang_mega_138k_pro.v":2896)
WARN  (EX3780) : Using initial value of 'main_sdram_cmd_payload_is_write' since it is never assigned("D:\File_Work\FPGA\GOWIN\top_buzzer_SoC\Documents\buzzer_SoC\Documents\final_buzzer\src\sipeed_tang_mega_138k_pro.v":2897)
WARN  (EX3780) : Using initial value of 'main_sdram_csr_dfi_p0_act_n' since it is never assigned("D:\File_Work\FPGA\GOWIN\top_buzzer_SoC\Documents\buzzer_SoC\Documents\final_buzzer\src\sipeed_tang_mega_138k_pro.v":2902)
WARN  (EX3780) : Using initial value of 'main_sdram_csr_dfi_p1_act_n' since it is never assigned("D:\File_Work\FPGA\GOWIN\top_buzzer_SoC\Documents\buzzer_SoC\Documents\final_buzzer\src\sipeed_tang_mega_138k_pro.v":2918)
WARN  (EX3780) : Using initial value of 'main_sdram_dfi_p0_act_n' since it is never assigned("D:\File_Work\FPGA\GOWIN\top_buzzer_SoC\Documents\buzzer_SoC\Documents\final_buzzer\src\sipeed_tang_mega_138k_pro.v":2934)
WARN  (EX3780) : Using initial value of 'main_sdram_dfi_p1_act_n' since it is never assigned("D:\File_Work\FPGA\GOWIN\top_buzzer_SoC\Documents\buzzer_SoC\Documents\final_buzzer\src\sipeed_tang_mega_138k_pro.v":2950)
WARN  (EX3780) : Using initial value of 'main_sdram_ext_dfi_p0_act_n' since it is never assigned("D:\File_Work\FPGA\GOWIN\top_buzzer_SoC\Documents\buzzer_SoC\Documents\final_buzzer\src\sipeed_tang_mega_138k_pro.v":2968)
WARN  (EX3780) : Using initial value of 'main_sdram_ext_dfi_p0_address' since it is never assigned("D:\File_Work\FPGA\GOWIN\top_buzzer_SoC\Documents\buzzer_SoC\Documents\final_buzzer\src\sipeed_tang_mega_138k_pro.v":2969)
WARN  (EX3780) : Using initial value of 'main_sdram_ext_dfi_p0_bank' since it is never assigned("D:\File_Work\FPGA\GOWIN\top_buzzer_SoC\Documents\buzzer_SoC\Documents\final_buzzer\src\sipeed_tang_mega_138k_pro.v":2970)
WARN  (EX3780) : Using initial value of 'main_sdram_ext_dfi_p0_cas_n' since it is never assigned("D:\File_Work\FPGA\GOWIN\top_buzzer_SoC\Documents\buzzer_SoC\Documents\final_buzzer\src\sipeed_tang_mega_138k_pro.v":2971)
WARN  (EX3780) : Using initial value of 'main_sdram_ext_dfi_p0_cke' since it is never assigned("D:\File_Work\FPGA\GOWIN\top_buzzer_SoC\Documents\buzzer_SoC\Documents\final_buzzer\src\sipeed_tang_mega_138k_pro.v":2972)
WARN  (EX3780) : Using initial value of 'main_sdram_ext_dfi_p0_cs_n' since it is never assigned("D:\File_Work\FPGA\GOWIN\top_buzzer_SoC\Documents\buzzer_SoC\Documents\final_buzzer\src\sipeed_tang_mega_138k_pro.v":2973)
WARN  (EX3780) : Using initial value of 'main_sdram_ext_dfi_p0_odt' since it is never assigned("D:\File_Work\FPGA\GOWIN\top_buzzer_SoC\Documents\buzzer_SoC\Documents\final_buzzer\src\sipeed_tang_mega_138k_pro.v":2974)
WARN  (EX3780) : Using initial value of 'main_sdram_ext_dfi_p0_ras_n' since it is never assigned("D:\File_Work\FPGA\GOWIN\top_buzzer_SoC\Documents\buzzer_SoC\Documents\final_buzzer\src\sipeed_tang_mega_138k_pro.v":2975)
WARN  (EX3780) : Using initial value of 'main_sdram_ext_dfi_p0_rddata_en' since it is never assigned("D:\File_Work\FPGA\GOWIN\top_buzzer_SoC\Documents\buzzer_SoC\Documents\final_buzzer\src\sipeed_tang_mega_138k_pro.v":2977)
WARN  (EX3780) : Using initial value of 'main_sdram_ext_dfi_p0_reset_n' since it is never assigned("D:\File_Work\FPGA\GOWIN\top_buzzer_SoC\Documents\buzzer_SoC\Documents\final_buzzer\src\sipeed_tang_mega_138k_pro.v":2979)
WARN  (EX3780) : Using initial value of 'main_sdram_ext_dfi_p0_we_n' since it is never assigned("D:\File_Work\FPGA\GOWIN\top_buzzer_SoC\Documents\buzzer_SoC\Documents\final_buzzer\src\sipeed_tang_mega_138k_pro.v":2980)
WARN  (EX3780) : Using initial value of 'main_sdram_ext_dfi_p0_wrdata' since it is never assigned("D:\File_Work\FPGA\GOWIN\top_buzzer_SoC\Documents\buzzer_SoC\Documents\final_buzzer\src\sipeed_tang_mega_138k_pro.v":2981)
WARN  (EX3780) : Using initial value of 'main_sdram_ext_dfi_p0_wrdata_en' since it is never assigned("D:\File_Work\FPGA\GOWIN\top_buzzer_SoC\Documents\buzzer_SoC\Documents\final_buzzer\src\sipeed_tang_mega_138k_pro.v":2982)
WARN  (EX3780) : Using initial value of 'main_sdram_ext_dfi_p0_wrdata_mask' since it is never assigned("D:\File_Work\FPGA\GOWIN\top_buzzer_SoC\Documents\buzzer_SoC\Documents\final_buzzer\src\sipeed_tang_mega_138k_pro.v":2983)
WARN  (EX3780) : Using initial value of 'main_sdram_ext_dfi_p1_act_n' since it is never assigned("D:\File_Work\FPGA\GOWIN\top_buzzer_SoC\Documents\buzzer_SoC\Documents\final_buzzer\src\sipeed_tang_mega_138k_pro.v":2984)
WARN  (EX3780) : Using initial value of 'main_sdram_ext_dfi_p1_address' since it is never assigned("D:\File_Work\FPGA\GOWIN\top_buzzer_SoC\Documents\buzzer_SoC\Documents\final_buzzer\src\sipeed_tang_mega_138k_pro.v":2985)
WARN  (EX3780) : Using initial value of 'main_sdram_ext_dfi_p1_bank' since it is never assigned("D:\File_Work\FPGA\GOWIN\top_buzzer_SoC\Documents\buzzer_SoC\Documents\final_buzzer\src\sipeed_tang_mega_138k_pro.v":2986)
WARN  (EX3780) : Using initial value of 'main_sdram_ext_dfi_p1_cas_n' since it is never assigned("D:\File_Work\FPGA\GOWIN\top_buzzer_SoC\Documents\buzzer_SoC\Documents\final_buzzer\src\sipeed_tang_mega_138k_pro.v":2987)
WARN  (EX3780) : Using initial value of 'main_sdram_ext_dfi_p1_cke' since it is never assigned("D:\File_Work\FPGA\GOWIN\top_buzzer_SoC\Documents\buzzer_SoC\Documents\final_buzzer\src\sipeed_tang_mega_138k_pro.v":2988)
WARN  (EX3780) : Using initial value of 'main_sdram_ext_dfi_p1_cs_n' since it is never assigned("D:\File_Work\FPGA\GOWIN\top_buzzer_SoC\Documents\buzzer_SoC\Documents\final_buzzer\src\sipeed_tang_mega_138k_pro.v":2989)
WARN  (EX3780) : Using initial value of 'main_sdram_ext_dfi_p1_odt' since it is never assigned("D:\File_Work\FPGA\GOWIN\top_buzzer_SoC\Documents\buzzer_SoC\Documents\final_buzzer\src\sipeed_tang_mega_138k_pro.v":2990)
WARN  (EX3780) : Using initial value of 'main_sdram_ext_dfi_p1_ras_n' since it is never assigned("D:\File_Work\FPGA\GOWIN\top_buzzer_SoC\Documents\buzzer_SoC\Documents\final_buzzer\src\sipeed_tang_mega_138k_pro.v":2991)
WARN  (EX3780) : Using initial value of 'main_sdram_ext_dfi_p1_rddata_en' since it is never assigned("D:\File_Work\FPGA\GOWIN\top_buzzer_SoC\Documents\buzzer_SoC\Documents\final_buzzer\src\sipeed_tang_mega_138k_pro.v":2993)
WARN  (EX3780) : Using initial value of 'main_sdram_ext_dfi_p1_reset_n' since it is never assigned("D:\File_Work\FPGA\GOWIN\top_buzzer_SoC\Documents\buzzer_SoC\Documents\final_buzzer\src\sipeed_tang_mega_138k_pro.v":2995)
WARN  (EX3780) : Using initial value of 'main_sdram_ext_dfi_p1_we_n' since it is never assigned("D:\File_Work\FPGA\GOWIN\top_buzzer_SoC\Documents\buzzer_SoC\Documents\final_buzzer\src\sipeed_tang_mega_138k_pro.v":2996)
WARN  (EX3780) : Using initial value of 'main_sdram_ext_dfi_p1_wrdata' since it is never assigned("D:\File_Work\FPGA\GOWIN\top_buzzer_SoC\Documents\buzzer_SoC\Documents\final_buzzer\src\sipeed_tang_mega_138k_pro.v":2997)
WARN  (EX3780) : Using initial value of 'main_sdram_ext_dfi_p1_wrdata_en' since it is never assigned("D:\File_Work\FPGA\GOWIN\top_buzzer_SoC\Documents\buzzer_SoC\Documents\final_buzzer\src\sipeed_tang_mega_138k_pro.v":2998)
WARN  (EX3780) : Using initial value of 'main_sdram_ext_dfi_p1_wrdata_mask' since it is never assigned("D:\File_Work\FPGA\GOWIN\top_buzzer_SoC\Documents\buzzer_SoC\Documents\final_buzzer\src\sipeed_tang_mega_138k_pro.v":2999)
WARN  (EX3780) : Using initial value of 'main_sdram_ext_dfi_sel' since it is never assigned("D:\File_Work\FPGA\GOWIN\top_buzzer_SoC\Documents\buzzer_SoC\Documents\final_buzzer\src\sipeed_tang_mega_138k_pro.v":3000)
WARN  (EX3780) : Using initial value of 'main_sdram_nop_a' since it is never assigned("D:\File_Work\FPGA\GOWIN\top_buzzer_SoC\Documents\buzzer_SoC\Documents\final_buzzer\src\sipeed_tang_mega_138k_pro.v":3067)
WARN  (EX3780) : Using initial value of 'main_sdram_nop_ba' since it is never assigned("D:\File_Work\FPGA\GOWIN\top_buzzer_SoC\Documents\buzzer_SoC\Documents\final_buzzer\src\sipeed_tang_mega_138k_pro.v":3068)
WARN  (EX3780) : Using initial value of 'main_sdram_phaseinjector0_command_issue_w' since it is never assigned("D:\File_Work\FPGA\GOWIN\top_buzzer_SoC\Documents\buzzer_SoC\Documents\final_buzzer\src\sipeed_tang_mega_138k_pro.v":3076)
WARN  (EX3780) : Using initial value of 'main_sdram_phaseinjector1_command_issue_w' since it is never assigned("D:\File_Work\FPGA\GOWIN\top_buzzer_SoC\Documents\buzzer_SoC\Documents\final_buzzer\src\sipeed_tang_mega_138k_pro.v":3099)
WARN  (EX3780) : Using initial value of 'main_sdram_steerer0' since it is never assigned("D:\File_Work\FPGA\GOWIN\top_buzzer_SoC\Documents\buzzer_SoC\Documents\final_buzzer\src\sipeed_tang_mega_138k_pro.v":3162)
WARN  (EX3780) : Using initial value of 'main_sdram_steerer1' since it is never assigned("D:\File_Work\FPGA\GOWIN\top_buzzer_SoC\Documents\buzzer_SoC\Documents\final_buzzer\src\sipeed_tang_mega_138k_pro.v":3163)
WARN  (EX3780) : Using initial value of 'main_sdram_steerer2' since it is never assigned("D:\File_Work\FPGA\GOWIN\top_buzzer_SoC\Documents\buzzer_SoC\Documents\final_buzzer\src\sipeed_tang_mega_138k_pro.v":3164)
WARN  (EX3780) : Using initial value of 'main_sdram_steerer3' since it is never assigned("D:\File_Work\FPGA\GOWIN\top_buzzer_SoC\Documents\buzzer_SoC\Documents\final_buzzer\src\sipeed_tang_mega_138k_pro.v":3165)
WARN  (EX3780) : Using initial value of 'main_sdram_tfawcon_ready' since it is never assigned("D:\File_Work\FPGA\GOWIN\top_buzzer_SoC\Documents\buzzer_SoC\Documents\final_buzzer\src\sipeed_tang_mega_138k_pro.v":3172)
WARN  (EX3780) : Using initial value of 'main_vfb_dma_fifo_replace' since it is never assigned("D:\File_Work\FPGA\GOWIN\top_buzzer_SoC\Documents\buzzer_SoC\Documents\final_buzzer\src\sipeed_tang_mega_138k_pro.v":3290)
WARN  (EX3780) : Using initial value of 'main_vfb_dma_res_fifo_replace' since it is never assigned("D:\File_Work\FPGA\GOWIN\top_buzzer_SoC\Documents\buzzer_SoC\Documents\final_buzzer\src\sipeed_tang_mega_138k_pro.v":3323)
WARN  (EX3780) : Using initial value of 'main_vfb_dma_res_fifo_sink_first' since it is never assigned("D:\File_Work\FPGA\GOWIN\top_buzzer_SoC\Documents\buzzer_SoC\Documents\final_buzzer\src\sipeed_tang_mega_138k_pro.v":3324)
WARN  (EX3780) : Using initial value of 'main_vfb_dma_res_fifo_sink_payload_dummy' since it is never assigned("D:\File_Work\FPGA\GOWIN\top_buzzer_SoC\Documents\buzzer_SoC\Documents\final_buzzer\src\sipeed_tang_mega_138k_pro.v":3326)
WARN  (EX3780) : Using initial value of 'main_vfb_source_first' since it is never assigned("D:\File_Work\FPGA\GOWIN\top_buzzer_SoC\Documents\buzzer_SoC\Documents\final_buzzer\src\sipeed_tang_mega_138k_pro.v":3377)
WARN  (EX3780) : Using initial value of 'main_vfb_source_last' since it is never assigned("D:\File_Work\FPGA\GOWIN\top_buzzer_SoC\Documents\buzzer_SoC\Documents\final_buzzer\src\sipeed_tang_mega_138k_pro.v":3378)
WARN  (EX3780) : Using initial value of 'main_wb_sdram_err' since it is never assigned("D:\File_Work\FPGA\GOWIN\top_buzzer_SoC\Documents\buzzer_SoC\Documents\final_buzzer\src\sipeed_tang_mega_138k_pro.v":3463)
WARN  (EX3780) : Using initial value of 'main_wishbone_bridge_wdata_first' since it is never assigned("D:\File_Work\FPGA\GOWIN\top_buzzer_SoC\Documents\buzzer_SoC\Documents\final_buzzer\src\sipeed_tang_mega_138k_pro.v":3551)
WARN  (EX3780) : Using initial value of 'main_wishbone_bridge_wdata_last' since it is never assigned("D:\File_Work\FPGA\GOWIN\top_buzzer_SoC\Documents\buzzer_SoC\Documents\final_buzzer\src\sipeed_tang_mega_138k_pro.v":3552)
WARN  (EX3780) : Using initial value of 'por_rst' since it is never assigned("D:\File_Work\FPGA\GOWIN\top_buzzer_SoC\Documents\buzzer_SoC\Documents\final_buzzer\src\sipeed_tang_mega_138k_pro.v":3576)
Extracting RAM for identifier 'rom'("D:\File_Work\FPGA\GOWIN\top_buzzer_SoC\Documents\buzzer_SoC\Documents\final_buzzer\src\sipeed_tang_mega_138k_pro.v":12028)
Extracting RAM for identifier 'sram'("D:\File_Work\FPGA\GOWIN\top_buzzer_SoC\Documents\buzzer_SoC\Documents\final_buzzer\src\sipeed_tang_mega_138k_pro.v":12043)
Extracting RAM for identifier 'mem'("D:\File_Work\FPGA\GOWIN\top_buzzer_SoC\Documents\buzzer_SoC\Documents\final_buzzer\src\sipeed_tang_mega_138k_pro.v":12066)
Extracting RAM for identifier 'storage_1'("D:\File_Work\FPGA\GOWIN\top_buzzer_SoC\Documents\buzzer_SoC\Documents\final_buzzer\src\sipeed_tang_mega_138k_pro.v":12082)
Extracting RAM for identifier 'storage_2'("D:\File_Work\FPGA\GOWIN\top_buzzer_SoC\Documents\buzzer_SoC\Documents\final_buzzer\src\sipeed_tang_mega_138k_pro.v":12103)
Extracting RAM for identifier 'storage_3'("D:\File_Work\FPGA\GOWIN\top_buzzer_SoC\Documents\buzzer_SoC\Documents\final_buzzer\src\sipeed_tang_mega_138k_pro.v":12124)
Extracting RAM for identifier 'storage_4'("D:\File_Work\FPGA\GOWIN\top_buzzer_SoC\Documents\buzzer_SoC\Documents\final_buzzer\src\sipeed_tang_mega_138k_pro.v":12142)
Extracting RAM for identifier 'storage_5'("D:\File_Work\FPGA\GOWIN\top_buzzer_SoC\Documents\buzzer_SoC\Documents\final_buzzer\src\sipeed_tang_mega_138k_pro.v":12160)
Extracting RAM for identifier 'storage_6'("D:\File_Work\FPGA\GOWIN\top_buzzer_SoC\Documents\buzzer_SoC\Documents\final_buzzer\src\sipeed_tang_mega_138k_pro.v":12178)
Extracting RAM for identifier 'tag_mem'("D:\File_Work\FPGA\GOWIN\top_buzzer_SoC\Documents\buzzer_SoC\Documents\final_buzzer\src\sipeed_tang_mega_138k_pro.v":12195)
Extracting RAM for identifier 'storage_7'("D:\File_Work\FPGA\GOWIN\top_buzzer_SoC\Documents\buzzer_SoC\Documents\final_buzzer\src\sipeed_tang_mega_138k_pro.v":12210)
Extracting RAM for identifier 'storage_8'("D:\File_Work\FPGA\GOWIN\top_buzzer_SoC\Documents\buzzer_SoC\Documents\final_buzzer\src\sipeed_tang_mega_138k_pro.v":12228)
Extracting RAM for identifier 'storage_9'("D:\File_Work\FPGA\GOWIN\top_buzzer_SoC\Documents\buzzer_SoC\Documents\final_buzzer\src\sipeed_tang_mega_138k_pro.v":12249)
Extracting RAM for identifier 'data_mem_grain0'("D:\File_Work\FPGA\GOWIN\top_buzzer_SoC\Documents\buzzer_SoC\Documents\final_buzzer\src\sipeed_tang_mega_138k_pro.v":12452)
Extracting RAM for identifier 'data_mem_grain1'("D:\File_Work\FPGA\GOWIN\top_buzzer_SoC\Documents\buzzer_SoC\Documents\final_buzzer\src\sipeed_tang_mega_138k_pro.v":12466)
Extracting RAM for identifier 'data_mem_grain2'("D:\File_Work\FPGA\GOWIN\top_buzzer_SoC\Documents\buzzer_SoC\Documents\final_buzzer\src\sipeed_tang_mega_138k_pro.v":12480)
Extracting RAM for identifier 'data_mem_grain3'("D:\File_Work\FPGA\GOWIN\top_buzzer_SoC\Documents\buzzer_SoC\Documents\final_buzzer\src\sipeed_tang_mega_138k_pro.v":12494)
Extracting RAM for identifier 'data_mem_grain4'("D:\File_Work\FPGA\GOWIN\top_buzzer_SoC\Documents\buzzer_SoC\Documents\final_buzzer\src\sipeed_tang_mega_138k_pro.v":12508)
Extracting RAM for identifier 'data_mem_grain5'("D:\File_Work\FPGA\GOWIN\top_buzzer_SoC\Documents\buzzer_SoC\Documents\final_buzzer\src\sipeed_tang_mega_138k_pro.v":12522)
Extracting RAM for identifier 'data_mem_grain6'("D:\File_Work\FPGA\GOWIN\top_buzzer_SoC\Documents\buzzer_SoC\Documents\final_buzzer\src\sipeed_tang_mega_138k_pro.v":12536)
Extracting RAM for identifier 'data_mem_grain7'("D:\File_Work\FPGA\GOWIN\top_buzzer_SoC\Documents\buzzer_SoC\Documents\final_buzzer\src\sipeed_tang_mega_138k_pro.v":12550)
Extracting RAM for identifier 'data_mem_grain8'("D:\File_Work\FPGA\GOWIN\top_buzzer_SoC\Documents\buzzer_SoC\Documents\final_buzzer\src\sipeed_tang_mega_138k_pro.v":12564)
Extracting RAM for identifier 'data_mem_grain9'("D:\File_Work\FPGA\GOWIN\top_buzzer_SoC\Documents\buzzer_SoC\Documents\final_buzzer\src\sipeed_tang_mega_138k_pro.v":12578)
Extracting RAM for identifier 'data_mem_grain10'("D:\File_Work\FPGA\GOWIN\top_buzzer_SoC\Documents\buzzer_SoC\Documents\final_buzzer\src\sipeed_tang_mega_138k_pro.v":12592)
Extracting RAM for identifier 'data_mem_grain11'("D:\File_Work\FPGA\GOWIN\top_buzzer_SoC\Documents\buzzer_SoC\Documents\final_buzzer\src\sipeed_tang_mega_138k_pro.v":12606)
Extracting RAM for identifier 'data_mem_grain12'("D:\File_Work\FPGA\GOWIN\top_buzzer_SoC\Documents\buzzer_SoC\Documents\final_buzzer\src\sipeed_tang_mega_138k_pro.v":12620)
Extracting RAM for identifier 'data_mem_grain13'("D:\File_Work\FPGA\GOWIN\top_buzzer_SoC\Documents\buzzer_SoC\Documents\final_buzzer\src\sipeed_tang_mega_138k_pro.v":12634)
Extracting RAM for identifier 'data_mem_grain14'("D:\File_Work\FPGA\GOWIN\top_buzzer_SoC\Documents\buzzer_SoC\Documents\final_buzzer\src\sipeed_tang_mega_138k_pro.v":12648)
Extracting RAM for identifier 'data_mem_grain15'("D:\File_Work\FPGA\GOWIN\top_buzzer_SoC\Documents\buzzer_SoC\Documents\final_buzzer\src\sipeed_tang_mega_138k_pro.v":12662)
WARN  (EX3791) : Expression size 33 truncated to fit in target size 32("D:\File_Work\FPGA\GOWIN\top_buzzer_SoC\Documents\buzzer_SoC\Documents\final_buzzer\src\sipeed_tang_mega_138k_pro.v":3969)
WARN  (EX3791) : Expression size 33 truncated to fit in target size 32("D:\File_Work\FPGA\GOWIN\top_buzzer_SoC\Documents\buzzer_SoC\Documents\final_buzzer\src\sipeed_tang_mega_138k_pro.v":4220)
WARN  (EX3791) : Expression size 33 truncated to fit in target size 32("D:\File_Work\FPGA\GOWIN\top_buzzer_SoC\Documents\buzzer_SoC\Documents\final_buzzer\src\sipeed_tang_mega_138k_pro.v":4471)
WARN  (EX3791) : Expression size 33 truncated to fit in target size 32("D:\File_Work\FPGA\GOWIN\top_buzzer_SoC\Documents\buzzer_SoC\Documents\final_buzzer\src\sipeed_tang_mega_138k_pro.v":4813)
WARN  (EX3791) : Expression size 30 truncated to fit in target size 15("D:\File_Work\FPGA\GOWIN\top_buzzer_SoC\Documents\buzzer_SoC\Documents\final_buzzer\src\sipeed_tang_mega_138k_pro.v":5484)
WARN  (EX3791) : Expression size 30 truncated to fit in target size 15("D:\File_Work\FPGA\GOWIN\top_buzzer_SoC\Documents\buzzer_SoC\Documents\final_buzzer\src\sipeed_tang_mega_138k_pro.v":5495)
WARN  (EX3791) : Expression size 30 truncated to fit in target size 11("D:\File_Work\FPGA\GOWIN\top_buzzer_SoC\Documents\buzzer_SoC\Documents\final_buzzer\src\sipeed_tang_mega_138k_pro.v":5581)
WARN  (EX3791) : Expression size 30 truncated to fit in target size 11("D:\File_Work\FPGA\GOWIN\top_buzzer_SoC\Documents\buzzer_SoC\Documents\final_buzzer\src\sipeed_tang_mega_138k_pro.v":5592)
WARN  (EX3791) : Expression size 8 truncated to fit in target size 1("D:\File_Work\FPGA\GOWIN\top_buzzer_SoC\Documents\buzzer_SoC\Documents\final_buzzer\src\sipeed_tang_mega_138k_pro.v":5614)
WARN  (EX3791) : Expression size 2 truncated to fit in target size 1("D:\File_Work\FPGA\GOWIN\top_buzzer_SoC\Documents\buzzer_SoC\Documents\final_buzzer\src\sipeed_tang_mega_138k_pro.v":6095)
WARN  (EX3791) : Expression size 2 truncated to fit in target size 1("D:\File_Work\FPGA\GOWIN\top_buzzer_SoC\Documents\buzzer_SoC\Documents\final_buzzer\src\sipeed_tang_mega_138k_pro.v":6126)
WARN  (EX3791) : Expression size 30 truncated to fit in target size 28("D:\File_Work\FPGA\GOWIN\top_buzzer_SoC\Documents\buzzer_SoC\Documents\final_buzzer\src\sipeed_tang_mega_138k_pro.v":7199)
WARN  (EX3791) : Expression size 28 truncated to fit in target size 21("D:\File_Work\FPGA\GOWIN\top_buzzer_SoC\Documents\buzzer_SoC\Documents\final_buzzer\src\sipeed_tang_mega_138k_pro.v":7266)
WARN  (EX3791) : Expression size 30 truncated to fit in target size 23("D:\File_Work\FPGA\GOWIN\top_buzzer_SoC\Documents\buzzer_SoC\Documents\final_buzzer\src\sipeed_tang_mega_138k_pro.v":7589)
WARN  (EX3791) : Expression size 30 truncated to fit in target size 23("D:\File_Work\FPGA\GOWIN\top_buzzer_SoC\Documents\buzzer_SoC\Documents\final_buzzer\src\sipeed_tang_mega_138k_pro.v":7590)
WARN  (EX3791) : Expression size 30 truncated to fit in target size 14("D:\File_Work\FPGA\GOWIN\top_buzzer_SoC\Documents\buzzer_SoC\Documents\final_buzzer\src\sipeed_tang_mega_138k_pro.v":7923)
WARN  (EX3791) : Expression size 30 truncated to fit in target size 14("D:\File_Work\FPGA\GOWIN\top_buzzer_SoC\Documents\buzzer_SoC\Documents\final_buzzer\src\sipeed_tang_mega_138k_pro.v":7934)
WARN  (EX3791) : Expression size 7 truncated to fit in target size 6("D:\File_Work\FPGA\GOWIN\top_buzzer_SoC\Documents\buzzer_SoC\Documents\final_buzzer\src\sipeed_tang_mega_138k_pro.v":10401)
WARN  (EX3791) : Expression size 9 truncated to fit in target size 8("D:\File_Work\FPGA\GOWIN\top_buzzer_SoC\Documents\buzzer_SoC\Documents\final_buzzer\src\sipeed_tang_mega_138k_pro.v":11175)
WARN  (EX3791) : Expression size 9 truncated to fit in target size 8("D:\File_Work\FPGA\GOWIN\top_buzzer_SoC\Documents\buzzer_SoC\Documents\final_buzzer\src\sipeed_tang_mega_138k_pro.v":11177)
WARN  (EX3791) : Expression size 4 truncated to fit in target size 3("D:\File_Work\FPGA\GOWIN\top_buzzer_SoC\Documents\buzzer_SoC\Documents\final_buzzer\src\sipeed_tang_mega_138k_pro.v":12007)
Compiling module 'VexRiscv'("D:\File_Work\FPGA\GOWIN\top_buzzer_SoC\Documents\buzzer_SoC\Documents\final_buzzer\src\VexRiscv.v":7)
Extracting RAM for identifier 'RegFilePlugin_regFile'("D:\File_Work\FPGA\GOWIN\top_buzzer_SoC\Documents\buzzer_SoC\Documents\final_buzzer\src\VexRiscv.v":1323)
Compiling module 'InstructionCache'("D:\File_Work\FPGA\GOWIN\top_buzzer_SoC\Documents\buzzer_SoC\Documents\final_buzzer\src\VexRiscv.v":6021)
Extracting RAM for identifier 'banks_0'("D:\File_Work\FPGA\GOWIN\top_buzzer_SoC\Documents\buzzer_SoC\Documents\final_buzzer\src\VexRiscv.v":6127)
Extracting RAM for identifier 'ways_0_tags'("D:\File_Work\FPGA\GOWIN\top_buzzer_SoC\Documents\buzzer_SoC\Documents\final_buzzer\src\VexRiscv.v":6128)
Compiling module 'DataCache'("D:\File_Work\FPGA\GOWIN\top_buzzer_SoC\Documents\buzzer_SoC\Documents\final_buzzer\src\VexRiscv.v":5167)
Extracting RAM for identifier 'ways_0_tags'("D:\File_Work\FPGA\GOWIN\top_buzzer_SoC\Documents\buzzer_SoC\Documents\final_buzzer\src\VexRiscv.v":5381)
Extracting RAM for identifier 'ways_0_data_symbol0'("D:\File_Work\FPGA\GOWIN\top_buzzer_SoC\Documents\buzzer_SoC\Documents\final_buzzer\src\VexRiscv.v":5382)
Extracting RAM for identifier 'ways_0_data_symbol1'("D:\File_Work\FPGA\GOWIN\top_buzzer_SoC\Documents\buzzer_SoC\Documents\final_buzzer\src\VexRiscv.v":5383)
Extracting RAM for identifier 'ways_0_data_symbol2'("D:\File_Work\FPGA\GOWIN\top_buzzer_SoC\Documents\buzzer_SoC\Documents\final_buzzer\src\VexRiscv.v":5384)
Extracting RAM for identifier 'ways_0_data_symbol3'("D:\File_Work\FPGA\GOWIN\top_buzzer_SoC\Documents\buzzer_SoC\Documents\final_buzzer\src\VexRiscv.v":5385)
WARN  (EX3858) : System task 'display' is ignored for synthesis("D:\File_Work\FPGA\GOWIN\top_buzzer_SoC\Documents\buzzer_SoC\Documents\final_buzzer\src\VexRiscv.v":5993)
WARN  (EX1998) : Net 'IBusCachedPlugin_cache_io_cpu_fetch_isRemoved' does not have a driver("D:\File_Work\FPGA\GOWIN\top_buzzer_SoC\Documents\buzzer_SoC\Documents\final_buzzer\src\VexRiscv.v":67)
WARN  (EX1998) : Net 'dataCache_1_io_cpu_writeBack_fence_SW' does not have a driver("D:\File_Work\FPGA\GOWIN\top_buzzer_SoC\Documents\buzzer_SoC\Documents\final_buzzer\src\VexRiscv.v":81)
WARN  (EX1998) : Net 'dataCache_1_io_cpu_writeBack_fence_SR' does not have a driver("D:\File_Work\FPGA\GOWIN\top_buzzer_SoC\Documents\buzzer_SoC\Documents\final_buzzer\src\VexRiscv.v":82)
WARN  (EX1998) : Net 'dataCache_1_io_cpu_writeBack_fence_SO' does not have a driver("D:\File_Work\FPGA\GOWIN\top_buzzer_SoC\Documents\buzzer_SoC\Documents\final_buzzer\src\VexRiscv.v":83)
WARN  (EX1998) : Net 'dataCache_1_io_cpu_writeBack_fence_SI' does not have a driver("D:\File_Work\FPGA\GOWIN\top_buzzer_SoC\Documents\buzzer_SoC\Documents\final_buzzer\src\VexRiscv.v":84)
WARN  (EX1998) : Net 'dataCache_1_io_cpu_writeBack_fence_PW' does not have a driver("D:\File_Work\FPGA\GOWIN\top_buzzer_SoC\Documents\buzzer_SoC\Documents\final_buzzer\src\VexRiscv.v":85)
WARN  (EX1998) : Net 'dataCache_1_io_cpu_writeBack_fence_PR' does not have a driver("D:\File_Work\FPGA\GOWIN\top_buzzer_SoC\Documents\buzzer_SoC\Documents\final_buzzer\src\VexRiscv.v":86)
WARN  (EX1998) : Net 'dataCache_1_io_cpu_writeBack_fence_PO' does not have a driver("D:\File_Work\FPGA\GOWIN\top_buzzer_SoC\Documents\buzzer_SoC\Documents\final_buzzer\src\VexRiscv.v":87)
WARN  (EX1998) : Net 'dataCache_1_io_cpu_writeBack_fence_PI' does not have a driver("D:\File_Work\FPGA\GOWIN\top_buzzer_SoC\Documents\buzzer_SoC\Documents\final_buzzer\src\VexRiscv.v":88)
WARN  (EX1998) : Net 'dataCache_1_io_cpu_writeBack_fence_FM[3]' does not have a driver("D:\File_Work\FPGA\GOWIN\top_buzzer_SoC\Documents\buzzer_SoC\Documents\final_buzzer\src\VexRiscv.v":89)
WARN  (EX1998) : Net 'IBusCachedPlugin_mmuBus_rsp_bypassTranslation' does not have a driver("D:\File_Work\FPGA\GOWIN\top_buzzer_SoC\Documents\buzzer_SoC\Documents\final_buzzer\src\VexRiscv.v":604)
WARN  (EX1998) : Net 'dBus_rsp_payload_last' does not have a driver("D:\File_Work\FPGA\GOWIN\top_buzzer_SoC\Documents\buzzer_SoC\Documents\final_buzzer\src\VexRiscv.v":617)
WARN  (EX1998) : Net 'DBusCachedPlugin_mmuBus_rsp_bypassTranslation' does not have a driver("D:\File_Work\FPGA\GOWIN\top_buzzer_SoC\Documents\buzzer_SoC\Documents\final_buzzer\src\VexRiscv.v":632)
WARN  (EX1998) : Net 'CsrPlugin_mtvec_mode[1]' does not have a driver("D:\File_Work\FPGA\GOWIN\top_buzzer_SoC\Documents\buzzer_SoC\Documents\final_buzzer\src\VexRiscv.v":930)
NOTE  (EX0101) : Current top module is "top"
WARN  (EX0346) : Instance "PLL" 's parameter value "1'b0" truncated to "2'b00" to fit 2 bits("D:\File_Work\FPGA\GOWIN\top_buzzer_SoC\Documents\buzzer_SoC\Documents\final_buzzer\src\sipeed_tang_mega_138k_pro.v":12409)
WARN  (EX0211) : The output port "io_cpu_writeBack_exclusiveOk" of module "DataCache" has no driver, assigning undriven bits to Z, simulation mismatch possible("D:\File_Work\FPGA\GOWIN\top_buzzer_SoC\Documents\buzzer_SoC\Documents\final_buzzer\src\VexRiscv.v":5210)
WARN  (EX0211) : The output port "io_cpu_writesPending" of module "DataCache" has no driver, assigning undriven bits to Z, simulation mismatch possible("D:\File_Work\FPGA\GOWIN\top_buzzer_SoC\Documents\buzzer_SoC\Documents\final_buzzer\src\VexRiscv.v":5216)
[5%] Running netlist conversion ...
Running device independent optimization ...
[10%] Optimizing Phase 0 completed
[15%] Optimizing Phase 1 completed
[25%] Optimizing Phase 2 completed
Running inference ...
[30%] Inferring Phase 0 completed
[40%] Inferring Phase 1 completed
[50%] Inferring Phase 2 completed
[55%] Inferring Phase 3 completed
Running technical mapping ...
[60%] Tech-Mapping Phase 0 completed
[65%] Tech-Mapping Phase 1 completed
[75%] Tech-Mapping Phase 2 completed
[80%] Tech-Mapping Phase 3 completed
[90%] Tech-Mapping Phase 4 completed
[95%] Generate netlist file "D:\File_Work\FPGA\GOWIN\top_buzzer_SoC\Documents\buzzer_SoC\Documents\final_buzzer\impl\gwsynthesis\final_buzzer.vg" completed
[100%] Generate report file "D:\File_Work\FPGA\GOWIN\top_buzzer_SoC\Documents\buzzer_SoC\Documents\final_buzzer\impl\gwsynthesis\final_buzzer_syn.rpt.html" completed
GowinSynthesis finish
